helloAR/build/outputs/logs/manifest-merger-debug-report.txt
-- Merging decision tree log ---
manifest
ADDED from src\main\AndroidManifest.xml:2:1-129:12
	package
		ADDED from src\main\AndroidManifest.xml:4:5-23
		INJECTED from src\main\AndroidManifest.xml
		INJECTED from src\main\AndroidManifest.xml
	android:versionName
		ADDED from src\main\AndroidManifest.xml:7:5-30
		INJECTED from src\main\AndroidManifest.xml
		INJECTED from src\main\AndroidManifest.xml
	xmlns:tools
		ADDED from src\main\AndroidManifest.xml:3:5-51
	android:versionCode
		ADDED from src\main\AndroidManifest.xml:6:5-28
		INJECTED from src\main\AndroidManifest.xml
		INJECTED from src\main\AndroidManifest.xml
	xmlns:android
		ADDED from src\main\AndroidManifest.xml:2:11-69
	android:installLocation
		ADDED from src\main\AndroidManifest.xml:5:5-45
uses-sdk
ADDED from src\main\AndroidManifest.xml:9:3-11:39
MERGED from [com.android.support:appcompat-v7:25.0.1] AndroidManifest.xml:21:5-23:78
MERGED from [com.android.support:support-v4:25.0.1] AndroidManifest.xml:21:5-23:54
MERGED from [com.android.support:support-compat:25.0.1] AndroidManifest.xml:21:5-23:58
MERGED from [com.android.support:support-media-compat:25.0.1] AndroidManifest.xml:21:5-23:63
MERGED from [com.android.support:support-core-utils:25.0.1] AndroidManifest.xml:21:5-23:61
MERGED from [com.android.support:support-core-ui:25.0.1] AndroidManifest.xml:21:5-23:58
MERGED from [com.android.support:support-fragment:25.0.1] AndroidManifest.xml:21:5-23:60
MERGED from [com.android.support:support-vector-drawable:25.0.1] AndroidManifest.xml:21:5-43
MERGED from [com.android.support:animated-vector-drawable:25.0.1] AndroidManifest.xml:20:5-44
	tools:overrideLibrary
		ADDED from [com.android.support:appcompat-v7:25.0.1] AndroidManifest.xml:23:9-75
	android:targetSdkVersion
		ADDED from src\main\AndroidManifest.xml:11:7-36
		INJECTED from src\main\AndroidManifest.xml
		INJECTED from src\main\AndroidManifest.xml
	android:minSdkVersion
		ADDED from src\main\AndroidManifest.xml:10:7-33
		INJECTED from src\main\AndroidManifest.xml
		INJECTED from src\main\AndroidManifest.xml
supports-screens
ADDED from src\main\AndroidManifest.xml:13:3-18:38
	android:largeScreens
		ADDED from src\main\AndroidManifest.xml:15:7-34
	android:smallScreens
		ADDED from src\main\AndroidManifest.xml:17:7-34
	android:normalScreens
		ADDED from src\main\AndroidManifest.xml:16:7-35
	android:xlargeScreens
		ADDED from src\main\AndroidManifest.xml:18:7-35
	android:anyDensity
		ADDED from src\main\AndroidManifest.xml:14:7-32
uses-permission#android.permission.CAMERA
ADDED from src\main\AndroidManifest.xml:20:3-63
	android:name
		ADDED from src\main\AndroidManifest.xml:20:20-60
uses-permission#android.permission.WRITE_EXTERNAL_STORAGE
ADDED from src\main\AndroidManifest.xml:21:3-79
	android:name
		ADDED from src\main\AndroidManifest.xml:21:20-76
uses-permission#android.permission.INTERNET
ADDED from src\main\AndroidManifest.xml:22:3-65
	android:name
		ADDED from src\main\AndroidManifest.xml:22:20-62
uses-feature#0x00020000
ADDED from src\main\AndroidManifest.xml:24:3-52
	android:glEsVersion
		ADDED from src\main\AndroidManifest.xml:24:17-49
uses-permission#android.permission.VIBRATE
ADDED from src\main\AndroidManifest.xml:26:3-64
	android:name
		ADDED from src\main\AndroidManifest.xml:26:20-61
uses-permission#android.permission.ACCESS_FINE_LOCATION
ADDED from src\main\AndroidManifest.xml:27:3-77
	android:name
		ADDED from src\main\AndroidManifest.xml:27:20-74
uses-permission#android.permission.MOUNT_UNMOUNT_FILESYSTEMS
ADDED from src\main\AndroidManifest.xml:28:3-82
	android:name
		ADDED from src\main\AndroidManifest.xml:28:20-79
uses-permission#android.permission.ACCESS_WIFI_STATE
ADDED from src\main\AndroidManifest.xml:31:3-74
	android:name
		ADDED from src\main\AndroidManifest.xml:31:20-71
uses-permission#android.permission.ACCESS_NETWORK_STATE
ADDED from src\main\AndroidManifest.xml:32:3-77
	android:name
		ADDED from src\main\AndroidManifest.xml:32:20-74
uses-permission#android.permission.CHANGE_WIFI_STATE
ADDED from src\main\AndroidManifest.xml:33:3-74
	android:name
		ADDED from src\main\AndroidManifest.xml:33:20-71
uses-permission#android.permission.READ_PHONE_STATE
ADDED from src\main\AndroidManifest.xml:35:3-73
	android:name
		ADDED from src\main\AndroidManifest.xml:35:20-70
uses-permission#android.permission.MANAGE_ACCOUNTS
ADDED from src\main\AndroidManifest.xml:36:3-71
	android:name
		ADDED from src\main\AndroidManifest.xml:36:20-69
uses-permission#android.permission.GET_ACCOUNTS
ADDED from src\main\AndroidManifest.xml:37:3-68
	android:name
		ADDED from src\main\AndroidManifest.xml:37:20-66
uses-permission#android.permission.BLUETOOTH
ADDED from src\main\AndroidManifest.xml:39:3-66
	android:name
		ADDED from src\main\AndroidManifest.xml:39:20-63
uses-permission#android.permission.BLUETOOTH_ADMIN
ADDED from src\main\AndroidManifest.xml:40:3-72
	android:name
		ADDED from src\main\AndroidManifest.xml:40:20-69
uses-feature#android.hardware.location.gps
ADDED from src\main\AndroidManifest.xml:42:3-44:34
	android:required
		ADDED from src\main\AndroidManifest.xml:44:7-31
	android:name
		ADDED from src\main\AndroidManifest.xml:43:7-51
uses-feature#android.hardware.location
ADDED from src\main\AndroidManifest.xml:45:3-47:34
	android:required
		ADDED from src\main\AndroidManifest.xml:47:7-31
	android:name
		ADDED from src\main\AndroidManifest.xml:46:7-47
uses-feature#android.hardware.sensor.accelerometer
ADDED from src\main\AndroidManifest.xml:48:3-50:34
	android:required
		ADDED from src\main\AndroidManifest.xml:50:7-31
	android:name
		ADDED from src\main\AndroidManifest.xml:49:7-59
uses-feature#android.hardware.touchscreen
ADDED from src\main\AndroidManifest.xml:51:3-53:34
	android:required
		ADDED from src\main\AndroidManifest.xml:53:7-31
	android:name
		ADDED from src\main\AndroidManifest.xml:52:7-50
uses-feature#android.hardware.touchscreen.multitouch
ADDED from src\main\AndroidManifest.xml:54:3-56:34
	android:required
		ADDED from src\main\AndroidManifest.xml:56:7-31
	android:name
		ADDED from src\main\AndroidManifest.xml:55:7-61
uses-feature#android.hardware.touchscreen.multitouch.distinct
ADDED from src\main\AndroidManifest.xml:57:3-59:34
	android:required
		ADDED from src\main\AndroidManifest.xml:59:7-31
	android:name
		ADDED from src\main\AndroidManifest.xml:58:7-70
uses-permission#android.permission.READ_EXTERNAL_STORAGE
ADDED from src\main\AndroidManifest.xml:62:3-78
	android:name
		ADDED from src\main\AndroidManifest.xml:62:20-75
application
ADDED from src\main\AndroidManifest.xml:64:3-127:17
MERGED from [com.android.support:appcompat-v7:25.0.1] AndroidManifest.xml:25:5-20
MERGED from [com.android.support:support-v4:25.0.1] AndroidManifest.xml:25:5-20
MERGED from [com.android.support:support-compat:25.0.1] AndroidManifest.xml:25:5-20
MERGED from [com.android.support:support-media-compat:25.0.1] AndroidManifest.xml:25:5-20
MERGED from [com.android.support:support-core-utils:25.0.1] AndroidManifest.xml:25:5-20
MERGED from [com.android.support:support-core-ui:25.0.1] AndroidManifest.xml:25:5-20
MERGED from [com.android.support:support-fragment:25.0.1] AndroidManifest.xml:25:5-20
MERGED from [com.android.support:support-vector-drawable:25.0.1] AndroidManifest.xml:23:5-20
MERGED from [com.android.support:animated-vector-drawable:25.0.1] AndroidManifest.xml:22:5-20
	android:label
		ADDED from src\main\AndroidManifest.xml:67:7-39
	android:supportsRtl
		ADDED from src\main\AndroidManifest.xml:68:7-33
	android:allowBackup
		ADDED from src\main\AndroidManifest.xml:65:7-33
	android:icon
		ADDED from src\main\AndroidManifest.xml:66:7-38
	android:theme
		ADDED from src\main\AndroidManifest.xml:69:7-43
activity#com.mob.tools.MobUIShell
ADDED from src\main\AndroidManifest.xml:72:5-91:16
	android:screenOrientation
		ADDED from src\main\AndroidManifest.xml:76:9-45
	android:windowSoftInputMode
		ADDED from src\main\AndroidManifest.xml:77:9-63
	android:configChanges
		ADDED from src\main\AndroidManifest.xml:75:9-70
	android:theme
		ADDED from src\main\AndroidManifest.xml:74:9-68
	android:name
		ADDED from src\main\AndroidManifest.xml:73:9-48
intent-filter#android.intent.action.VIEW+android.intent.category.BROWSABLE+android.intent.category.DEFAULT
ADDED from src\main\AndroidManifest.xml:79:7-84:23
data
ADDED from src\main\AndroidManifest.xml:80:9-51
	android:scheme
		ADDED from src\main\AndroidManifest.xml:80:15-48
action#android.intent.action.VIEW
ADDED from src\main\AndroidManifest.xml:81:9-61
	android:name
		ADDED from src\main\AndroidManifest.xml:81:17-58
category#android.intent.category.BROWSABLE
ADDED from src\main\AndroidManifest.xml:82:9-70
	android:name
		ADDED from src\main\AndroidManifest.xml:82:19-67
category#android.intent.category.DEFAULT
ADDED from src\main\AndroidManifest.xml:83:9-68
	android:name
		ADDED from src\main\AndroidManifest.xml:83:19-65
intent-filter#android.intent.category.DEFAULT+com.sina.weibo.sdk.action.ACTION_SDK_REQ_ACTIVITY
ADDED from src\main\AndroidManifest.xml:87:7-90:23
action#com.sina.weibo.sdk.action.ACTION_SDK_REQ_ACTIVITY
ADDED from src\main\AndroidManifest.xml:88:9-84
	android:name
		ADDED from src\main\AndroidManifest.xml:88:17-81
activity#cn.lwtAR.UnityActivity
ADDED from src\main\AndroidManifest.xml:92:5-105:16
	android:fitsSystemWindows
		ADDED from src\main\AndroidManifest.xml:95:9-41
	android:screenOrientation
		ADDED from src\main\AndroidManifest.xml:97:9-45
	android:label
		ADDED from src\main\AndroidManifest.xml:96:9-41
	android:launchMode
		ADDED from src\main\AndroidManifest.xml:93:9-44
	android:windowSoftInputMode
		ADDED from src\main\AndroidManifest.xml:98:9-51
	android:name
		ADDED from src\main\AndroidManifest.xml:94:9-38
intent-filter#android.intent.action.MAIN+android.intent.category.LAUNCHER+android.intent.category.LEANBACK_LAUNCHER
ADDED from src\main\AndroidManifest.xml:99:7-104:23
action#android.intent.action.MAIN
ADDED from src\main\AndroidManifest.xml:100:9-61
	android:name
		ADDED from src\main\AndroidManifest.xml:100:17-58
category#android.intent.category.LAUNCHER
ADDED from src\main\AndroidManifest.xml:102:9-69
	android:name
		ADDED from src\main\AndroidManifest.xml:102:19-66
category#android.intent.category.LEANBACK_LAUNCHER
ADDED from src\main\AndroidManifest.xml:103:9-78
	android:name
		ADDED from src\main\AndroidManifest.xml:103:19-75
activity#cn.lwtAR.HomeActivity
ADDED from src\main\AndroidManifest.xml:106:5-109:48
	android:screenOrientation
		ADDED from src\main\AndroidManifest.xml:109:9-45
	android:launchMode
		ADDED from src\main\AndroidManifest.xml:108:9-40
	android:name
		ADDED from src\main\AndroidManifest.xml:107:9-37
activity#cn.lwtAR.UnityPlayerActivity
ADDED from src\main\AndroidManifest.xml:110:5-112:48
	android:screenOrientation
		ADDED from src\main\AndroidManifest.xml:112:9-45
	android:name
		ADDED from src\main\AndroidManifest.xml:111:9-44
activity#cn.lwtAR.ARInfoActivity
ADDED from src\main\AndroidManifest.xml:116:5-57
	android:name
		ADDED from src\main\AndroidManifest.xml:116:15-45
activity#cn.lwtAR.PhotoActivity
ADDED from src\main\AndroidManifest.xml:117:5-56
	android:name
		ADDED from src\main\AndroidManifest.xml:117:15-44
activity#cn.lwtAR.AboutUsActivity
ADDED from src\main\AndroidManifest.xml:118:5-58
	android:name
		ADDED from src\main\AndroidManifest.xml:118:15-46
activity#cn.lwtAR.UserGuideActivity
ADDED from src\main\AndroidManifest.xml:119:5-60
	android:name
		ADDED from src\main\AndroidManifest.xml:119:15-48
activity#cn.lwtAR.UserGuideDetailActivity
ADDED from src\main\AndroidManifest.xml:120:5-66
	android:name
		ADDED from src\main\AndroidManifest.xml:120:15-54
activity#cn.lwtAR.wxapi.WXEntryActivity
ADDED from src\main\AndroidManifest.xml:122:5-126:34
	android:exported
		ADDED from src\main\AndroidManifest.xml:126:9-32
	android:configChanges
		ADDED from src\main\AndroidManifest.xml:125:9-70
	android:theme
		ADDED from src\main\AndroidManifest.xml:124:9-68
	android:name
		ADDED from src\main\AndroidManifest.xml:123:9-46